<?xml version="1.0" encoding="UTF-8"?>
<testsuite name="ACC.AppTest" tests="1" skipped="0" failures="0" errors="0" timestamp="2022-08-12T07:59:29" hostname="LESHEN" time="0.009">
  <properties/>
  <testcase name="appHasAGreeting()" classname="ACC.AppTest" time="0.009"/>
  <system-out><![CDATA[]]></system-out>
  <system-err><![CDATA[]]></system-err>
</testsuite>
